<?xml version="1.0" encoding="UTF-8"?>
<testng-results ignored="0" total="1" passed="1" failed="0" skipped="0">
  <reporter-output>
  </reporter-output>
  <suite started-at="2020-09-13T22:19:18Z" name="Command line suite" finished-at="2020-09-13T22:19:18Z" duration-ms="9">
    <groups>
    </groups>
    <test started-at="2020-09-13T22:19:18Z" name="Command line test" finished-at="2020-09-13T22:19:18Z" duration-ms="9">
      <class name="com.restassured.api.AppTest">
        <test-method signature="testApp()[pri:0, instance:testApp(com.restassured.api.AppTest)]" started-at="2020-09-13T22:19:18Z" name="testApp" finished-at="2020-09-13T22:19:18Z" duration-ms="1" status="PASS">
          <reporter-output>
          </reporter-output>
        </test-method> <!-- testApp -->
      </class> <!-- com.restassured.api.AppTest -->
    </test> <!-- Command line test -->
  </suite> <!-- Command line suite -->
</testng-results>
