<?xml version="1.0" encoding="UTF-8"?>
<!-- Generated by org.testng.reporters.JUnitXMLReporter -->
<testsuite ignored="0" hostname="DESKTOP-7EO1CCG" failures="0" tests="3" name="Default test" time="6.14" errors="0" timestamp="2020-09-14T00:35:05 BST">
  <testcase classname="com.restassured.api.Test01_Read" name="test01_1" time="3.413"/>
  <testcase classname="com.restassured.api.Test01_Read" name="test01_2" time="2.427"/>
  <testcase classname="com.restassured.api.Test01_Read" name="test01_3" time="0.219"/>
</testsuite> <!-- Default test -->
