<?xml version="1.0" encoding="UTF-8"?>
<testng-results ignored="0" total="8" passed="8" failed="0" skipped="0">
  <reporter-output>
  </reporter-output>
  <suite started-at="2020-09-13T22:19:11Z" name="Command line suite" finished-at="2020-09-13T22:19:17Z" duration-ms="6924">
    <groups>
    </groups>
    <test started-at="2020-09-13T22:19:11Z" name="Command line test" finished-at="2020-09-13T22:19:17Z" duration-ms="6924">
      <class name="com.restassured.api.Test01_Read">
        <test-method signature="test01_1()[pri:0, instance:com.restassured.api.Test01_Read@1d8d30f7]" started-at="2020-09-13T22:19:11Z" name="test01_1" finished-at="2020-09-13T22:19:14Z" duration-ms="3692" status="PASS">
          <reporter-output>
          </reporter-output>
        </test-method> <!-- test01_1 -->
        <test-method signature="test01_2()[pri:0, instance:com.restassured.api.Test01_Read@1d8d30f7]" started-at="2020-09-13T22:19:14Z" name="test01_2" finished-at="2020-09-13T22:19:16Z" duration-ms="2112" status="PASS">
          <reporter-output>
          </reporter-output>
        </test-method> <!-- test01_2 -->
        <test-method signature="test01_3()[pri:0, instance:com.restassured.api.Test01_Read@1d8d30f7]" started-at="2020-09-13T22:19:16Z" name="test01_3" finished-at="2020-09-13T22:19:17Z" duration-ms="279" status="PASS">
          <reporter-output>
          </reporter-output>
        </test-method> <!-- test01_3 -->
      </class> <!-- com.restassured.api.Test01_Read -->
      <class name="com.restassured.api.Test04_Delete">
        <test-method signature="test04()[pri:0, instance:com.restassured.api.Test04_Delete@2c039ac6]" started-at="2020-09-13T22:19:17Z" name="test04" finished-at="2020-09-13T22:19:17Z" duration-ms="152" status="PASS">
          <reporter-output>
          </reporter-output>
        </test-method> <!-- test04 -->
      </class> <!-- com.restassured.api.Test04_Delete -->
      <class name="com.restassured.api.Test05_UserNotFound">
        <test-method signature="test05()[pri:0, instance:com.restassured.api.Test05_UserNotFound@587d1d39]" started-at="2020-09-13T22:19:17Z" name="test05" finished-at="2020-09-13T22:19:17Z" duration-ms="110" status="PASS">
          <reporter-output>
          </reporter-output>
        </test-method> <!-- test05 -->
      </class> <!-- com.restassured.api.Test05_UserNotFound -->
      <class name="com.restassured.api.Test03_Update">
        <test-method signature="test03_1()[pri:0, instance:com.restassured.api.Test03_Update@9a7504c]" started-at="2020-09-13T22:19:17Z" name="test03_1" finished-at="2020-09-13T22:19:17Z" duration-ms="135" status="PASS">
          <reporter-output>
          </reporter-output>
        </test-method> <!-- test03_1 -->
        <test-method signature="test03_2()[pri:0, instance:com.restassured.api.Test03_Update@9a7504c]" started-at="2020-09-13T22:19:17Z" name="test03_2" finished-at="2020-09-13T22:19:17Z" duration-ms="190" status="PASS">
          <reporter-output>
          </reporter-output>
        </test-method> <!-- test03_2 -->
      </class> <!-- com.restassured.api.Test03_Update -->
      <class name="com.restassured.api.Test02_Create">
        <test-method signature="test02()[pri:0, instance:com.restassured.api.Test02_Create@3e57cd70]" started-at="2020-09-13T22:19:17Z" name="test02" finished-at="2020-09-13T22:19:17Z" duration-ms="200" status="PASS">
          <reporter-output>
          </reporter-output>
        </test-method> <!-- test02 -->
      </class> <!-- com.restassured.api.Test02_Create -->
    </test> <!-- Command line test -->
  </suite> <!-- Command line suite -->
</testng-results>
