<?xml version="1.0" encoding="UTF-8"?>
<!-- Generated by org.testng.reporters.JUnitXMLReporter -->
<testsuite ignored="0" hostname="DESKTOP-7EO1CCG" failures="0" tests="8" name="Command line test" time="6.924" errors="0" timestamp="13 Sep 2020 22:19:17 GMT">
  <testcase classname="com.restassured.api.Test01_Read" name="test01_1" time="3.692"/>
  <testcase classname="com.restassured.api.Test01_Read" name="test01_2" time="2.112"/>
  <testcase classname="com.restassured.api.Test01_Read" name="test01_3" time="0.279"/>
  <testcase classname="com.restassured.api.Test02_Create" name="test02" time="0.2"/>
  <testcase classname="com.restassured.api.Test03_Update" name="test03_1" time="0.135"/>
  <testcase classname="com.restassured.api.Test03_Update" name="test03_2" time="0.19"/>
  <testcase classname="com.restassured.api.Test04_Delete" name="test04" time="0.152"/>
  <testcase classname="com.restassured.api.Test05_UserNotFound" name="test05" time="0.11"/>
</testsuite> <!-- Command line test -->
