<?xml version="1.0" encoding="UTF-8" ?>
<testsuite tests="9" failures="0" name="TestSuite" time="7.477" errors="0" skipped="0">
  <properties>
[...]
</properties>
  <testcase classname="com.restassured.api.Test01_Read" name="test01_1" time="3.749"/>
  <testcase classname="com.restassured.api.Test01_Read" name="test01_2" time="2.158"/>
  <testcase classname="com.restassured.api.Test01_Read" name="test01_3" time="0.334"/>
  <testcase classname="com.restassured.api.Test02_Create" name="test02" time="0.05"/>
  <testcase classname="com.restassured.api.Test03_Update" name="test03_1" time="0.157"/>
  <testcase classname="com.restassured.api.Test03_Update" name="test03_2" time="0.161"/>
  <testcase classname="com.restassured.api.Test04_Delete" name="test04" time="0.199"/>
  <testcase classname="com.restassured.api.Test05_UserNotFound" name="test05" time="0.333"/>
  <testcase classname="com.restassured.api.AppTest" name="testApp on testApp(com.restassured.api.AppTest)" time="0.336"/>
</testsuite>