<?xml version="1.0" encoding="UTF-8"?>
<testng-results ignored="0" total="3" passed="3" failed="0" skipped="0">
  <reporter-output>
  </reporter-output>
  <suite started-at="2020-09-14T00:34:59 BST" name="Default suite" finished-at="2020-09-14T00:35:05 BST" duration-ms="6140">
    <groups>
    </groups>
    <test started-at="2020-09-14T00:34:59 BST" name="Default test" finished-at="2020-09-14T00:35:05 BST" duration-ms="6140">
      <class name="com.restassured.api.Test01_Read">
        <test-method signature="test01_1()[pri:0, instance:com.restassured.api.Test01_Read@147ed70f]" started-at="2020-09-14T00:34:59 BST" name="test01_1" finished-at="2020-09-14T00:35:02 BST" duration-ms="3413" status="PASS">
          <reporter-output>
          </reporter-output>
        </test-method> <!-- test01_1 -->
        <test-method signature="test01_2()[pri:0, instance:com.restassured.api.Test01_Read@147ed70f]" started-at="2020-09-14T00:35:02 BST" name="test01_2" finished-at="2020-09-14T00:35:05 BST" duration-ms="2427" status="PASS">
          <reporter-output>
          </reporter-output>
        </test-method> <!-- test01_2 -->
        <test-method signature="test01_3()[pri:0, instance:com.restassured.api.Test01_Read@147ed70f]" started-at="2020-09-14T00:35:05 BST" name="test01_3" finished-at="2020-09-14T00:35:05 BST" duration-ms="219" status="PASS">
          <reporter-output>
          </reporter-output>
        </test-method> <!-- test01_3 -->
      </class> <!-- com.restassured.api.Test01_Read -->
    </test> <!-- Default test -->
  </suite> <!-- Default suite -->
</testng-results>
